  0개 파일이 복사되었습니다.
cl : 명령줄 warning D9030: '/Gm'이(가) 다중 처리와 호환되지 않습니다. /MP 스위치를 무시합니다.
  TIVCore_view_trs_assigned_lot.c
  TIVCore_view_transfer_list.c
  TIVCore_view_transfer_history.c
  TIVCore_view_transfer_detail_list.c
  TIVCore_view_transfer_detail.c
  TIVCore_view_transfer.c
  TIVCore_view_spare_part_list.c
  TIVCore_view_ship_factory_list.c
  TIVCore_view_ship_factory.c
  TIVCore_view_oper_list.c
  TIVCore_view_oper.c
  TIVCore_view_material_version_list.c
  TIVCore_view_material_list_for_trs.c
  TIVCore_view_material_list_by_bomset.c
  TIVCore_view_material_list.c
  TIVCore_view_material_inout_list.c
  TIVCore_view_material.c
  TIVCore_view_lot_list_detail.c
  TIVCore_view_lot_list.c
  TIVCore_view_lot_history_list.c
  Generating Code...
  Compiling...
  TIVCore_view_lot_history_N.c
  TIVCore_view_lot_history.c
  TIVCore_view_lot_ext.c
  TIVCore_view_lot_data.c
  TIVCore_view_lot_New.c
  TIVCore_view_lot.c
  TIVCore_view_inv_operation_list.c
  TIVCore_view_inv_operation.c
  TIVCore_view_inv_material_list.c
TIVCore_view_inv_material_list.c(272): warning C4244: '=' : 'int'에서 'char'(으)로 변환하면서 데이터가 손실될 수 있습니다.
  TIVCore_view_inv_material.c
  TIVCore_view_inv_lot_list_ext.c
  TIVCore_update_ship_factory.c
  TIVCore_update_material_list_for_trs.c
  TIVCore_update_location.c
  TIVCore_update_inv_operation.c
  TIVCore_update_inv_material.c
  TIVCore_transfer_request.c
  TIVCore_transfer_lot_multi.c
  TIVCore_transfer_lot.c
  TIVCore_transfer_confirm.c
TIVCore_transfer_confirm.c(358): warning C4244: '=' : 'int'에서 'char'(으)로 변환하면서 데이터가 손실될 수 있습니다.
TIVCore_transfer_confirm.c(496): warning C4244: '=' : 'int'에서 'char'(으)로 변환하면서 데이터가 손실될 수 있습니다.
  Generating Code...
d:\mesplus_shinsungeng\source\library\miracom_tivcore\tivcore_view_lot_ext.c(288): warning C4701: 초기화되지 않았을 수 있는 'MTIVLOTSTS' 지역 변수를 사용했습니다.
  Compiling...
  TIVCore_split_lot.c
  TIVCore_ship_lot_multi.c
  TIVCore_ship_lot.c
  TIVCore_release_lot.c
  TIVCore_multi_split_lot.c
  TIVCore_multi_release_lot.c
  TIVCore_multi_merge_lot.c
  TIVCore_multi_hold_lot.c
  TIVCore_merge_lot.c
  TIVCore_loss_lot.c
  TIVCore_inspection_lot_multi.c
  TIVCore_inspection_lot.c
  TIVCore_hold_lot.c
  TIVCore_generate_lot_id.c
  TIVCore_defect_lot.c
  TIVCore_deconsume_Lot.c
  TIVCore_cv_Lot.c
  TIVCore_create_material_lot.c
  TIVCore_consume_lot_multi.c
  TIVCore_consume_Lot.c
  Generating Code...
  Compiling...
  TIVCore_common_function.c
  TIVCore_change_cmf.c
  TIVCore_assign_lot_list_to_trs.c
  TIVCore_assgin_material_to_resource.c
  TIVCore_adapt_lot_multi.c
  TIVCore_adapt_lot.c
  TIVCore_IQC_lot.c
TIVCore_IQC_lot.c(392): warning C4244: '=' : 'int'에서 'char'(으)로 변환하면서 데이터가 손실될 수 있습니다.
  Generating Code...
d:\mesplus_shinsungeng\source\library\miracom_tivcore\tivcore_common_function.c(5632): warning C4701: 초기화되지 않았을 수 있는 'MTIVLOTSTS_TO' 지역 변수를 사용했습니다.
  Miracom_TIVCore.vcxproj -> D:\MESplus_ShinsungEng\source\library\Miracom_TIVCore\x64\Debug\Miracom_TIVCore.lib
          1개 파일이 복사되었습니다.
