D:\MESplus_ShinsungEng\source\library\Miracom_TIVCore\x64\Debug\cl.command.1.tlog
D:\MESplus_ShinsungEng\source\library\Miracom_TIVCore\x64\Debug\CL.read.1.tlog
D:\MESplus_ShinsungEng\source\library\Miracom_TIVCore\x64\Debug\CL.write.1.tlog
D:\MESplus_ShinsungEng\source\library\Miracom_TIVCore\x64\Debug\lib.command.1.tlog
D:\MESplus_ShinsungEng\source\library\Miracom_TIVCore\x64\Debug\Lib-link.read.1.tlog
D:\MESplus_ShinsungEng\source\library\Miracom_TIVCore\x64\Debug\Lib-link.write.1.tlog
D:\MESPLUS_SHINSUNGENG\SOURCE\LIBRARY\MIRACOM_TIVCORE\X64\DEBUG\MIRACOM_TIVCORE.LIB
D:\MESplus_ShinsungEng\source\library\Miracom_TIVCore\x64\Debug\Miracom_TIVCore.write.1.tlog
D:\MESPLUS_SHINSUNGENG\SOURCE\LIBRARY\MIRACOM_TIVCORE\X64\DEBUG\TIVCORE_ADAPT_LOT.OBJ
D:\MESPLUS_SHINSUNGENG\SOURCE\LIBRARY\MIRACOM_TIVCORE\X64\DEBUG\TIVCORE_ADAPT_LOT_MULTI.OBJ
D:\MESPLUS_SHINSUNGENG\SOURCE\LIBRARY\MIRACOM_TIVCORE\X64\DEBUG\TIVCORE_ASSGIN_MATERIAL_TO_RESOURCE.OBJ
D:\MESPLUS_SHINSUNGENG\SOURCE\LIBRARY\MIRACOM_TIVCORE\X64\DEBUG\TIVCORE_ASSIGN_LOT_LIST_TO_TRS.OBJ
D:\MESPLUS_SHINSUNGENG\SOURCE\LIBRARY\MIRACOM_TIVCORE\X64\DEBUG\TIVCORE_CHANGE_CMF.OBJ
D:\MESPLUS_SHINSUNGENG\SOURCE\LIBRARY\MIRACOM_TIVCORE\X64\DEBUG\TIVCORE_COMMON_FUNCTION.OBJ
D:\MESPLUS_SHINSUNGENG\SOURCE\LIBRARY\MIRACOM_TIVCORE\X64\DEBUG\TIVCORE_CONSUME_LOT.OBJ
D:\MESPLUS_SHINSUNGENG\SOURCE\LIBRARY\MIRACOM_TIVCORE\X64\DEBUG\TIVCORE_CONSUME_LOT_MULTI.OBJ
D:\MESPLUS_SHINSUNGENG\SOURCE\LIBRARY\MIRACOM_TIVCORE\X64\DEBUG\TIVCORE_CREATE_MATERIAL_LOT.OBJ
D:\MESPLUS_SHINSUNGENG\SOURCE\LIBRARY\MIRACOM_TIVCORE\X64\DEBUG\TIVCORE_CV_LOT.OBJ
D:\MESPLUS_SHINSUNGENG\SOURCE\LIBRARY\MIRACOM_TIVCORE\X64\DEBUG\TIVCORE_DECONSUME_LOT.OBJ
D:\MESPLUS_SHINSUNGENG\SOURCE\LIBRARY\MIRACOM_TIVCORE\X64\DEBUG\TIVCORE_DEFECT_LOT.OBJ
D:\MESPLUS_SHINSUNGENG\SOURCE\LIBRARY\MIRACOM_TIVCORE\X64\DEBUG\TIVCORE_GENERATE_LOT_ID.OBJ
D:\MESPLUS_SHINSUNGENG\SOURCE\LIBRARY\MIRACOM_TIVCORE\X64\DEBUG\TIVCORE_HOLD_LOT.OBJ
D:\MESPLUS_SHINSUNGENG\SOURCE\LIBRARY\MIRACOM_TIVCORE\X64\DEBUG\TIVCORE_INSPECTION_LOT.OBJ
D:\MESPLUS_SHINSUNGENG\SOURCE\LIBRARY\MIRACOM_TIVCORE\X64\DEBUG\TIVCORE_INSPECTION_LOT_MULTI.OBJ
D:\MESPLUS_SHINSUNGENG\SOURCE\LIBRARY\MIRACOM_TIVCORE\X64\DEBUG\TIVCORE_IQC_LOT.OBJ
D:\MESPLUS_SHINSUNGENG\SOURCE\LIBRARY\MIRACOM_TIVCORE\X64\DEBUG\TIVCORE_LOSS_LOT.OBJ
D:\MESPLUS_SHINSUNGENG\SOURCE\LIBRARY\MIRACOM_TIVCORE\X64\DEBUG\TIVCORE_MERGE_LOT.OBJ
D:\MESPLUS_SHINSUNGENG\SOURCE\LIBRARY\MIRACOM_TIVCORE\X64\DEBUG\TIVCORE_MULTI_HOLD_LOT.OBJ
D:\MESPLUS_SHINSUNGENG\SOURCE\LIBRARY\MIRACOM_TIVCORE\X64\DEBUG\TIVCORE_MULTI_MERGE_LOT.OBJ
D:\MESPLUS_SHINSUNGENG\SOURCE\LIBRARY\MIRACOM_TIVCORE\X64\DEBUG\TIVCORE_MULTI_RELEASE_LOT.OBJ
D:\MESPLUS_SHINSUNGENG\SOURCE\LIBRARY\MIRACOM_TIVCORE\X64\DEBUG\TIVCORE_MULTI_SPLIT_LOT.OBJ
D:\MESPLUS_SHINSUNGENG\SOURCE\LIBRARY\MIRACOM_TIVCORE\X64\DEBUG\TIVCORE_RELEASE_LOT.OBJ
D:\MESPLUS_SHINSUNGENG\SOURCE\LIBRARY\MIRACOM_TIVCORE\X64\DEBUG\TIVCORE_SHIP_LOT.OBJ
D:\MESPLUS_SHINSUNGENG\SOURCE\LIBRARY\MIRACOM_TIVCORE\X64\DEBUG\TIVCORE_SHIP_LOT_MULTI.OBJ
D:\MESPLUS_SHINSUNGENG\SOURCE\LIBRARY\MIRACOM_TIVCORE\X64\DEBUG\TIVCORE_SPLIT_LOT.OBJ
D:\MESPLUS_SHINSUNGENG\SOURCE\LIBRARY\MIRACOM_TIVCORE\X64\DEBUG\TIVCORE_TRANSFER_CONFIRM.OBJ
D:\MESPLUS_SHINSUNGENG\SOURCE\LIBRARY\MIRACOM_TIVCORE\X64\DEBUG\TIVCORE_TRANSFER_LOT.OBJ
D:\MESPLUS_SHINSUNGENG\SOURCE\LIBRARY\MIRACOM_TIVCORE\X64\DEBUG\TIVCORE_TRANSFER_LOT_MULTI.OBJ
D:\MESPLUS_SHINSUNGENG\SOURCE\LIBRARY\MIRACOM_TIVCORE\X64\DEBUG\TIVCORE_TRANSFER_REQUEST.OBJ
D:\MESPLUS_SHINSUNGENG\SOURCE\LIBRARY\MIRACOM_TIVCORE\X64\DEBUG\TIVCORE_UPDATE_INV_MATERIAL.OBJ
D:\MESPLUS_SHINSUNGENG\SOURCE\LIBRARY\MIRACOM_TIVCORE\X64\DEBUG\TIVCORE_UPDATE_INV_OPERATION.OBJ
D:\MESPLUS_SHINSUNGENG\SOURCE\LIBRARY\MIRACOM_TIVCORE\X64\DEBUG\TIVCORE_UPDATE_LOCATION.OBJ
D:\MESPLUS_SHINSUNGENG\SOURCE\LIBRARY\MIRACOM_TIVCORE\X64\DEBUG\TIVCORE_UPDATE_MATERIAL_LIST_FOR_TRS.OBJ
D:\MESPLUS_SHINSUNGENG\SOURCE\LIBRARY\MIRACOM_TIVCORE\X64\DEBUG\TIVCORE_UPDATE_SHIP_FACTORY.OBJ
D:\MESPLUS_SHINSUNGENG\SOURCE\LIBRARY\MIRACOM_TIVCORE\X64\DEBUG\TIVCORE_VIEW_INV_LOT_LIST_EXT.OBJ
D:\MESPLUS_SHINSUNGENG\SOURCE\LIBRARY\MIRACOM_TIVCORE\X64\DEBUG\TIVCORE_VIEW_INV_MATERIAL.OBJ
D:\MESPLUS_SHINSUNGENG\SOURCE\LIBRARY\MIRACOM_TIVCORE\X64\DEBUG\TIVCORE_VIEW_INV_MATERIAL_LIST.OBJ
D:\MESPLUS_SHINSUNGENG\SOURCE\LIBRARY\MIRACOM_TIVCORE\X64\DEBUG\TIVCORE_VIEW_INV_OPERATION.OBJ
D:\MESPLUS_SHINSUNGENG\SOURCE\LIBRARY\MIRACOM_TIVCORE\X64\DEBUG\TIVCORE_VIEW_INV_OPERATION_LIST.OBJ
D:\MESPLUS_SHINSUNGENG\SOURCE\LIBRARY\MIRACOM_TIVCORE\X64\DEBUG\TIVCORE_VIEW_LOT.OBJ
D:\MESPLUS_SHINSUNGENG\SOURCE\LIBRARY\MIRACOM_TIVCORE\X64\DEBUG\TIVCORE_VIEW_LOT_DATA.OBJ
D:\MESPLUS_SHINSUNGENG\SOURCE\LIBRARY\MIRACOM_TIVCORE\X64\DEBUG\TIVCORE_VIEW_LOT_EXT.OBJ
D:\MESPLUS_SHINSUNGENG\SOURCE\LIBRARY\MIRACOM_TIVCORE\X64\DEBUG\TIVCORE_VIEW_LOT_HISTORY.OBJ
D:\MESPLUS_SHINSUNGENG\SOURCE\LIBRARY\MIRACOM_TIVCORE\X64\DEBUG\TIVCORE_VIEW_LOT_HISTORY_LIST.OBJ
D:\MESPLUS_SHINSUNGENG\SOURCE\LIBRARY\MIRACOM_TIVCORE\X64\DEBUG\TIVCORE_VIEW_LOT_HISTORY_N.OBJ
D:\MESPLUS_SHINSUNGENG\SOURCE\LIBRARY\MIRACOM_TIVCORE\X64\DEBUG\TIVCORE_VIEW_LOT_LIST.OBJ
D:\MESPLUS_SHINSUNGENG\SOURCE\LIBRARY\MIRACOM_TIVCORE\X64\DEBUG\TIVCORE_VIEW_LOT_LIST_DETAIL.OBJ
D:\MESPLUS_SHINSUNGENG\SOURCE\LIBRARY\MIRACOM_TIVCORE\X64\DEBUG\TIVCORE_VIEW_LOT_NEW.OBJ
D:\MESPLUS_SHINSUNGENG\SOURCE\LIBRARY\MIRACOM_TIVCORE\X64\DEBUG\TIVCORE_VIEW_MATERIAL.OBJ
D:\MESPLUS_SHINSUNGENG\SOURCE\LIBRARY\MIRACOM_TIVCORE\X64\DEBUG\TIVCORE_VIEW_MATERIAL_INOUT_LIST.OBJ
D:\MESPLUS_SHINSUNGENG\SOURCE\LIBRARY\MIRACOM_TIVCORE\X64\DEBUG\TIVCORE_VIEW_MATERIAL_LIST.OBJ
D:\MESPLUS_SHINSUNGENG\SOURCE\LIBRARY\MIRACOM_TIVCORE\X64\DEBUG\TIVCORE_VIEW_MATERIAL_LIST_BY_BOMSET.OBJ
D:\MESPLUS_SHINSUNGENG\SOURCE\LIBRARY\MIRACOM_TIVCORE\X64\DEBUG\TIVCORE_VIEW_MATERIAL_LIST_FOR_TRS.OBJ
D:\MESPLUS_SHINSUNGENG\SOURCE\LIBRARY\MIRACOM_TIVCORE\X64\DEBUG\TIVCORE_VIEW_MATERIAL_VERSION_LIST.OBJ
D:\MESPLUS_SHINSUNGENG\SOURCE\LIBRARY\MIRACOM_TIVCORE\X64\DEBUG\TIVCORE_VIEW_OPER.OBJ
D:\MESPLUS_SHINSUNGENG\SOURCE\LIBRARY\MIRACOM_TIVCORE\X64\DEBUG\TIVCORE_VIEW_OPER_LIST.OBJ
D:\MESPLUS_SHINSUNGENG\SOURCE\LIBRARY\MIRACOM_TIVCORE\X64\DEBUG\TIVCORE_VIEW_SHIP_FACTORY.OBJ
D:\MESPLUS_SHINSUNGENG\SOURCE\LIBRARY\MIRACOM_TIVCORE\X64\DEBUG\TIVCORE_VIEW_SHIP_FACTORY_LIST.OBJ
D:\MESPLUS_SHINSUNGENG\SOURCE\LIBRARY\MIRACOM_TIVCORE\X64\DEBUG\TIVCORE_VIEW_SPARE_PART_LIST.OBJ
D:\MESPLUS_SHINSUNGENG\SOURCE\LIBRARY\MIRACOM_TIVCORE\X64\DEBUG\TIVCORE_VIEW_TRANSFER.OBJ
D:\MESPLUS_SHINSUNGENG\SOURCE\LIBRARY\MIRACOM_TIVCORE\X64\DEBUG\TIVCORE_VIEW_TRANSFER_DETAIL.OBJ
D:\MESPLUS_SHINSUNGENG\SOURCE\LIBRARY\MIRACOM_TIVCORE\X64\DEBUG\TIVCORE_VIEW_TRANSFER_DETAIL_LIST.OBJ
D:\MESPLUS_SHINSUNGENG\SOURCE\LIBRARY\MIRACOM_TIVCORE\X64\DEBUG\TIVCORE_VIEW_TRANSFER_HISTORY.OBJ
D:\MESPLUS_SHINSUNGENG\SOURCE\LIBRARY\MIRACOM_TIVCORE\X64\DEBUG\TIVCORE_VIEW_TRANSFER_LIST.OBJ
D:\MESPLUS_SHINSUNGENG\SOURCE\LIBRARY\MIRACOM_TIVCORE\X64\DEBUG\TIVCORE_VIEW_TRS_ASSIGNED_LOT.OBJ
D:\MESPLUS_SHINSUNGENG\SOURCE\LIBRARY\MIRACOM_TIVCORE\X64\DEBUG\TIVCOREADDSERVICE.OBJ
D:\MESplus_ShinsungEng\source\library\Miracom_TIVCore\x64\Debug\vc100.idb
D:\MESPLUS_SHINSUNGENG\SOURCE\LIBRARY\MIRACOM_TIVCORE\X64\DEBUG\VC100.PDB
